<?xml version="1.0" encoding="UTF-8"?>
<!-- Generated by org.testng.reporters.JUnitXMLReporter -->
<testsuite ignored="0" hostname="DESKTOP-27H1EF4" failures="0" tests="3" name="Accounts Page Test" time="14.197" errors="0" timestamp="2022-04-23T21:11:26 IST">
  <testcase classname="com.qa.opencart.test.AccountsPageTest" name="AccountPageSectionListTest" time="0.098"/>
  <testcase classname="com.qa.opencart.test.AccountsPageTest" name="accPageTitleTest" time="2.049"/>
  <testcase classname="com.qa.opencart.test.AccountsPageTest" name="accPageUrlTest" time="0.009"/>
</testsuite> <!-- Accounts Page Test -->
