<?xml version="1.0" encoding="UTF-8"?>
<!-- Generated by org.testng.reporters.JUnitXMLReporter -->
<testsuite ignored="0" hostname="LAPTOP-FAVJPDF6" failures="0" tests="4" name="Login Page Test" time="12.106" errors="0" timestamp="2022-05-27T23:12:07 IST">
  <testcase classname="com.qa.opencart.test.LoginPageTest" name="loginPageTitleTest" time="0.032"/>
  <testcase classname="com.qa.opencart.test.LoginPageTest" name="loginPageUrlTest" time="0.015"/>
  <testcase classname="com.qa.opencart.test.LoginPageTest" name="forgotPwdLinkTest" time="0.077"/>
  <testcase classname="com.qa.opencart.test.LoginPageTest" name="doLoginTest" time="4.157"/>
</testsuite> <!-- Login Page Test -->
