<?xml version="1.0" encoding="UTF-8"?>
<!-- Generated by org.testng.reporters.JUnitXMLReporter -->
<testsuite ignored="0" hostname="DESKTOP-27H1EF4" failures="0" tests="4" name="Login Page Test" time="12.56" errors="0" timestamp="2022-04-23T21:11:24 IST">
  <testcase classname="com.qa.opencart.test.LoginPageTest" name="loginPageTitleTest" time="0.024"/>
  <testcase classname="com.qa.opencart.test.LoginPageTest" name="loginPageUrlTest" time="0.016"/>
  <testcase classname="com.qa.opencart.test.LoginPageTest" name="forgotPwdLinkTest" time="0.222"/>
  <testcase classname="com.qa.opencart.test.LoginPageTest" name="doLoginTest" time="1.565"/>
</testsuite> <!-- Login Page Test -->
