<?xml version="1.0" encoding="UTF-8"?>
<!-- Generated by org.testng.reporters.JUnitXMLReporter -->
<testsuite ignored="0" hostname="LAPTOP-FAVJPDF6" failures="0" tests="4" name="Default test" time="8.173" errors="0" timestamp="2022-05-23T18:21:54 IST">
  <testcase classname="com.qa.opencart.test.LoginPageTest" name="loginPageTitleTest" time="0.016"/>
  <testcase classname="com.qa.opencart.test.LoginPageTest" name="loginPageUrlTest" time="0.01"/>
  <testcase classname="com.qa.opencart.test.LoginPageTest" name="forgotPwdLinkTest" time="0.054"/>
  <testcase classname="com.qa.opencart.test.LoginPageTest" name="doLoginTest" time="3.689"/>
</testsuite> <!-- Default test -->
