<?xml version="1.0" encoding="UTF-8"?>
<!-- Generated by org.testng.reporters.JUnitXMLReporter -->
<testsuite ignored="0" hostname="DESKTOP-5OU80G3" failures="0" tests="4" name="Default test" time="8.401" errors="0" timestamp="2022-04-18T17:38:20 IST">
  <testcase classname="com.qa.opencart.test.LoginPageTest" name="loginPageTitleTest" time="0.02"/>
  <testcase classname="com.qa.opencart.test.LoginPageTest" name="loginPageUrlTest" time="0.013"/>
  <testcase classname="com.qa.opencart.test.LoginPageTest" name="forgotPwdLinkTest" time="0.069"/>
  <testcase classname="com.qa.opencart.test.LoginPageTest" name="doLoginTest" time="2.847"/>
</testsuite> <!-- Default test -->
